app/build/intermediates/manifest_merge_blame_file/release/manifest-merger-blame-release-report.txt
1<?xml version="1.0" encoding="utf-8"?>
2<manifest xmlns:android="http://schemas.android.com/apk/res/android"
3    package="com.jayam.impactapp" >
4
5    <uses-sdk
6        android:minSdkVersion="21"
6-->src\main\AndroidManifest.xml
7        android:targetSdkVersion="29" />
7-->src\main\AndroidManifest.xml
8
9    <uses-permission android:name="android.permission.INTERNET" />
9-->src\main\AndroidManifest.xml:7:5-67
9-->src\main\AndroidManifest.xml:7:22-64
10    <uses-permission android:name="android.permission.CAMERA" />
10-->src\main\AndroidManifest.xml:8:5-65
10-->src\main\AndroidManifest.xml:8:22-62
11    <uses-permission android:name="android.permission.READ_PHONE_STATE" />
11-->src\main\AndroidManifest.xml:9:5-75
11-->src\main\AndroidManifest.xml:9:22-72
12    <uses-permission android:name="android.permission.ACCESS_NETWORK_STATE" />
12-->src\main\AndroidManifest.xml:10:5-79
12-->src\main\AndroidManifest.xml:10:22-76
13    <uses-permission android:name="android.permission.SDCARD_WRITE" />
13-->src\main\AndroidManifest.xml:11:5-71
13-->src\main\AndroidManifest.xml:11:22-68
14    <uses-permission android:name="android.permission.WRITE_EXTERNAL_STORAGE" />
14-->src\main\AndroidManifest.xml:12:5-81
14-->src\main\AndroidManifest.xml:12:22-78
15    <uses-permission android:name="android.permission.BLUETOOTH" />
15-->src\main\AndroidManifest.xml:13:5-68
15-->src\main\AndroidManifest.xml:13:22-65
16    <uses-permission android:name="READ_PHONE_STATE" />
16-->src\main\AndroidManifest.xml:14:5-56
16-->src\main\AndroidManifest.xml:14:22-53
17    <uses-permission android:name="android.permission.BLUETOOTH_ADMIN" />
17-->src\main\AndroidManifest.xml:15:5-74
17-->src\main\AndroidManifest.xml:15:22-71
18    <uses-permission android:name="android.permission.ACCESS_COARSE_LOCATION" />
18-->src\main\AndroidManifest.xml:17:5-81
18-->src\main\AndroidManifest.xml:17:22-78
19    <uses-permission android:name="android.permission.ACCESS_FINE_LOCATION" />
19-->src\main\AndroidManifest.xml:18:5-79
19-->src\main\AndroidManifest.xml:18:22-76
20    <uses-permission android:name="android.permission.CALL_PHONE" />
20-->src\main\AndroidManifest.xml:19:5-69
20-->src\main\AndroidManifest.xml:19:22-66
21    <uses-permission android:name="android.permission.READ_EXTERNAL_STORAGE" />
21-->src\main\AndroidManifest.xml:20:5-80
21-->src\main\AndroidManifest.xml:20:22-77
22    <uses-permission android:name="android.permission.ACCESS_WIFI_STATE" />
22-->src\main\AndroidManifest.xml:21:5-76
22-->src\main\AndroidManifest.xml:21:22-73
23    <uses-permission android:name="android.permission.MOUNT_UNMOUNT_FILESYSTEMS" />
23-->[com.gitlab.aeps_matm_sdk:matm_aeps_upi:1.1.3] AndroidManifest.xml:15:5-17:47
23-->[com.gitlab.aeps_matm_sdk:matm_aeps_upi:1.1.3] AndroidManifest.xml:16:9-68
24    <uses-permission android:name="android.permission.SYSTEM_ALERT_WINDOW" />
24-->[com.gitlab.aeps_matm_sdk:matm_aeps_upi:1.1.3] AndroidManifest.xml:24:5-78
24-->[com.gitlab.aeps_matm_sdk:matm_aeps_upi:1.1.3] AndroidManifest.xml:24:22-75
25    <uses-permission android:name="android.hardware.camera" />
25-->[com.gitlab.aeps_matm_sdk:matm_aeps_upi:1.1.3] AndroidManifest.xml:28:5-63
25-->[com.gitlab.aeps_matm_sdk:matm_aeps_upi:1.1.3] AndroidManifest.xml:28:22-60
26    <uses-permission android:name="android.hardware.camera.autofocus" />
26-->[com.gitlab.aeps_matm_sdk:matm_aeps_upi:1.1.3] AndroidManifest.xml:29:5-73
26-->[com.gitlab.aeps_matm_sdk:matm_aeps_upi:1.1.3] AndroidManifest.xml:29:22-70
27
28    <uses-feature
28-->[com.gitlab.aeps_matm_sdk:matm_aeps_upi:1.1.3] AndroidManifest.xml:31:5-33:35
29        android:name="android.hardware.usb.host"
29-->[com.gitlab.aeps_matm_sdk:matm_aeps_upi:1.1.3] AndroidManifest.xml:32:9-49
30        android:required="true" />
30-->[com.gitlab.aeps_matm_sdk:matm_aeps_upi:1.1.3] AndroidManifest.xml:33:9-32
31
32    <uses-permission android:name="android.permission.WAKE_LOCK" />
32-->[com.google.firebase:firebase-measurement-connector-impl:17.0.5] AndroidManifest.xml:24:5-68
32-->[com.google.firebase:firebase-measurement-connector-impl:17.0.5] AndroidManifest.xml:24:22-65
33    <uses-permission android:name="com.google.android.finsky.permission.BIND_GET_INSTALL_REFERRER_SERVICE" /> <!-- Required by older versions of Google Play services to create IID tokens -->
33-->[com.google.firebase:firebase-analytics:16.3.0] AndroidManifest.xml:26:5-110
33-->[com.google.firebase:firebase-analytics:16.3.0] AndroidManifest.xml:26:22-107
34    <uses-permission android:name="com.google.android.c2dm.permission.RECEIVE" />
34-->[com.google.firebase:firebase-iid:17.0.3] AndroidManifest.xml:26:5-82
34-->[com.google.firebase:firebase-iid:17.0.3] AndroidManifest.xml:26:22-79
35
36    <application
36-->src\main\AndroidManifest.xml:23:5-550:19
37        android:name="com.jayam.impactapp.common.MfimoApp"
37-->src\main\AndroidManifest.xml:25:9-40
38        android:allowBackup="true"
38-->src\main\AndroidManifest.xml:24:9-35
39        android:appComponentFactory="androidx.core.app.CoreComponentFactory"
39-->[androidx.core:core:1.1.0] AndroidManifest.xml:24:18-86
40        android:icon="@drawable/mfimo_icon"
40-->src\main\AndroidManifest.xml:26:9-44
41        android:label="@string/app_name"
41-->src\main\AndroidManifest.xml:27:9-41
42        android:networkSecurityConfig="@xml/network_security_config"
42-->[com.gitlab.aeps_matm_sdk:matm_aeps_upi:1.1.3] AndroidManifest.xml:35:18-78
43        android:supportsRtl="true"
43-->src\main\AndroidManifest.xml:29:9-35
44        android:theme="@style/AppThemeone"
44-->src\main\AndroidManifest.xml:28:9-43
45        android:usesCleartextTraffic="true" >
45-->src\main\AndroidManifest.xml:30:9-44
46        <meta-data
46-->src\main\AndroidManifest.xml:33:9-35:55
47            android:name="com.google.android.geo.API_KEY"
47-->src\main\AndroidManifest.xml:34:13-58
48            android:value="@string/google_maps_key" />
48-->src\main\AndroidManifest.xml:35:13-52
49
50        <activity
50-->src\main\AndroidManifest.xml:37:9-47:20
51            android:name="com.jayam.impactapp.loginActivity"
51-->src\main\AndroidManifest.xml:38:13-42
52            android:label="@string/app_name"
52-->src\main\AndroidManifest.xml:39:13-45
53            android:windowSoftInputMode="stateHidden" >
53-->src\main\AndroidManifest.xml:41:13-54
54            <intent-filter>
54-->src\main\AndroidManifest.xml:42:13-46:29
55                <action android:name="android.intent.action.MAIN" />
55-->src\main\AndroidManifest.xml:43:17-69
55-->src\main\AndroidManifest.xml:43:25-66
56
57                <category android:name="android.intent.category.LAUNCHER" />
57-->src\main\AndroidManifest.xml:45:17-77
57-->src\main\AndroidManifest.xml:45:27-74
58            </intent-filter>
59        </activity>
60
61        <meta-data
61-->src\main\AndroidManifest.xml:49:9-51:69
62            android:name="com.google.android.gms.version"
62-->src\main\AndroidManifest.xml:50:13-58
63            android:value="@integer/google_play_services_version" />
63-->src\main\AndroidManifest.xml:51:13-66
64
65        <activity
65-->src\main\AndroidManifest.xml:53:9-58:16
66            android:name="com.jayam.impactapp.NavigationActivity"
66-->src\main\AndroidManifest.xml:54:13-47
67            android:label="@string/app_name"
67-->src\main\AndroidManifest.xml:55:13-45
68            android:theme="@style/AppFullScreenTheme" />
68-->src\main\AndroidManifest.xml:57:13-54
69        <activity
69-->src\main\AndroidManifest.xml:59:9-62:16
70            android:name="com.jayam.impactapp.Administration"
70-->src\main\AndroidManifest.xml:60:13-43
71            android:label="@string/app_name" />
71-->src\main\AndroidManifest.xml:61:13-45
72        <activity
72-->src\main\AndroidManifest.xml:63:9-66:15
73            android:name="com.jayam.impactapp.TransactionHistoryMemberwise"
73-->src\main\AndroidManifest.xml:64:13-57
74            android:label="@string/app_name" />
74-->src\main\AndroidManifest.xml:65:13-45
75        <activity
75-->src\main\AndroidManifest.xml:67:9-70:15
76            android:name="com.jayam.impactapp.LateCenters"
76-->src\main\AndroidManifest.xml:68:13-40
77            android:label="@string/app_name" />
77-->src\main\AndroidManifest.xml:69:13-45
78        <activity
78-->src\main\AndroidManifest.xml:71:9-74:15
79            android:name="com.jayam.impactapp.LateGroupMembers"
79-->src\main\AndroidManifest.xml:72:13-45
80            android:label="@string/app_name" />
80-->src\main\AndroidManifest.xml:73:13-45
81        <activity
81-->src\main\AndroidManifest.xml:75:9-78:15
82            android:name="com.jayam.impactapp.LateGroups"
82-->src\main\AndroidManifest.xml:76:13-39
83            android:label="@string/app_name" />
83-->src\main\AndroidManifest.xml:77:13-45
84        <activity
84-->src\main\AndroidManifest.xml:79:9-82:15
85            android:name="com.jayam.impactapp.LateMemeberDetails"
85-->src\main\AndroidManifest.xml:80:13-47
86            android:label="@string/app_name" />
86-->src\main\AndroidManifest.xml:81:13-45
87        <activity
87-->src\main\AndroidManifest.xml:83:9-86:15
88            android:name="com.jayam.impactapp.TransactionHistory"
88-->src\main\AndroidManifest.xml:84:13-47
89            android:label="@string/app_name" />
89-->src\main\AndroidManifest.xml:85:13-45
90        <activity
90-->src\main\AndroidManifest.xml:87:9-90:16
91            android:name="com.jayam.impactapp.Transactions"
91-->src\main\AndroidManifest.xml:88:13-41
92            android:label="@string/app_name" />
92-->src\main\AndroidManifest.xml:89:13-45
93        <activity
93-->src\main\AndroidManifest.xml:91:9-94:16
94            android:name="com.jayam.impactapp.MemberViewCycle"
94-->src\main\AndroidManifest.xml:92:13-44
95            android:label="@string/app_name" />
95-->src\main\AndroidManifest.xml:93:13-45
96        <activity
96-->src\main\AndroidManifest.xml:95:9-98:16
97            android:name="com.jayam.impactapp.DemandDates"
97-->src\main\AndroidManifest.xml:96:13-40
98            android:label="@string/app_name" />
98-->src\main\AndroidManifest.xml:97:13-45
99        <activity
99-->src\main\AndroidManifest.xml:99:9-102:16
100            android:name="com.jayam.impactapp.ProductSynch"
100-->src\main\AndroidManifest.xml:100:13-41
101            android:label="@string/app_name" />
101-->src\main\AndroidManifest.xml:101:13-45
102        <activity
102-->src\main\AndroidManifest.xml:103:9-106:16
103            android:name="com.jayam.impactapp.BorrowerSearch"
103-->src\main\AndroidManifest.xml:104:13-43
104            android:label="@string/app_name" />
104-->src\main\AndroidManifest.xml:105:13-45
105        <activity
105-->src\main\AndroidManifest.xml:107:9-110:16
106            android:name="com.jayam.impactapp.NewDemands"
106-->src\main\AndroidManifest.xml:108:13-39
107            android:label="@string/app_name" />
107-->src\main\AndroidManifest.xml:109:13-45
108        <activity
108-->src\main\AndroidManifest.xml:111:9-114:16
109            android:name="com.jayam.impactapp.RegularCollections"
109-->src\main\AndroidManifest.xml:112:13-47
110            android:label="@string/app_name" />
110-->src\main\AndroidManifest.xml:113:13-45
111        <activity
111-->src\main\AndroidManifest.xml:115:9-118:16
112            android:name="com.jayam.impactapp.CollectionDashbord"
112-->src\main\AndroidManifest.xml:116:13-47
113            android:label="@string/app_name" />
113-->src\main\AndroidManifest.xml:117:13-45
114        <activity
114-->src\main\AndroidManifest.xml:119:9-122:16
115            android:name="com.jayam.impactapp.NewDataSync"
115-->src\main\AndroidManifest.xml:120:13-40
116            android:label="@string/app_name" />
116-->src\main\AndroidManifest.xml:121:13-45
117        <activity
117-->src\main\AndroidManifest.xml:125:9-128:16
118            android:name="com.jayam.impactapp.GroupsAndCenters"
118-->src\main\AndroidManifest.xml:126:13-45
119            android:label="@string/app_name" />
119-->src\main\AndroidManifest.xml:127:13-45
120        <activity
120-->src\main\AndroidManifest.xml:129:9-132:16
121            android:name="com.jayam.impactapp.Centers"
121-->src\main\AndroidManifest.xml:130:13-36
122            android:label="@string/app_name" />
122-->src\main\AndroidManifest.xml:131:13-45
123        <activity
123-->src\main\AndroidManifest.xml:133:9-136:16
124            android:name="com.jayam.impactapp.CenterDetails"
124-->src\main\AndroidManifest.xml:134:13-42
125            android:label="@string/app_name" />
125-->src\main\AndroidManifest.xml:135:13-45
126        <activity
126-->src\main\AndroidManifest.xml:137:9-140:16
127            android:name="com.jayam.impactapp.DisplayRoute"
127-->src\main\AndroidManifest.xml:138:13-41
128            android:label="@string/app_name" />
128-->src\main\AndroidManifest.xml:139:13-45
129        <activity
129-->src\main\AndroidManifest.xml:141:9-144:16
130            android:name="com.jayam.impactapp.Groups"
130-->src\main\AndroidManifest.xml:142:13-35
131            android:label="@string/app_name" />
131-->src\main\AndroidManifest.xml:143:13-45
132        <activity
132-->src\main\AndroidManifest.xml:145:9-148:16
133            android:name="com.jayam.impactapp.GroupDetails"
133-->src\main\AndroidManifest.xml:146:13-41
134            android:label="@string/app_name" />
134-->src\main\AndroidManifest.xml:147:13-45
135        <activity
135-->src\main\AndroidManifest.xml:149:9-152:16
136            android:name="com.jayam.impactapp.GroupMembers"
136-->src\main\AndroidManifest.xml:150:13-41
137            android:label="@string/app_name" />
137-->src\main\AndroidManifest.xml:151:13-45
138        <activity
138-->src\main\AndroidManifest.xml:153:9-156:16
139            android:name="com.jayam.impactapp.MemeberDetails"
139-->src\main\AndroidManifest.xml:154:13-43
140            android:label="@string/app_name" />
140-->src\main\AndroidManifest.xml:155:13-45
141        <activity
141-->src\main\AndroidManifest.xml:157:9-160:16
142            android:name="com.jayam.impactapp.Paymentconfiramtion"
142-->src\main\AndroidManifest.xml:158:13-48
143            android:label="@string/app_name" />
143-->src\main\AndroidManifest.xml:159:13-45
144        <activity
144-->src\main\AndroidManifest.xml:161:9-164:16
145            android:name="com.jayam.impactapp.Attendense"
145-->src\main\AndroidManifest.xml:162:13-39
146            android:label="@string/app_name" />
146-->src\main\AndroidManifest.xml:163:13-45
147        <activity
147-->src\main\AndroidManifest.xml:165:9-169:16
148            android:name="com.jayam.impactapp.MeetingTime"
148-->src\main\AndroidManifest.xml:166:13-40
149            android:configChanges="keyboardHidden|orientation"
149-->src\main\AndroidManifest.xml:167:13-63
150            android:label="@string/app_name" />
150-->src\main\AndroidManifest.xml:168:13-45
151        <activity
151-->src\main\AndroidManifest.xml:170:9-173:16
152            android:name="com.jayam.impactapp.ConfirmationScreen"
152-->src\main\AndroidManifest.xml:171:13-47
153            android:label="@string/app_name" />
153-->src\main\AndroidManifest.xml:172:13-45
154        <activity
154-->src\main\AndroidManifest.xml:174:9-177:16
155            android:name="com.jayam.impactapp.TransactionACK"
155-->src\main\AndroidManifest.xml:175:13-43
156            android:label="@string/app_name" />
156-->src\main\AndroidManifest.xml:176:13-45
157        <activity
157-->src\main\AndroidManifest.xml:178:9-181:16
158            android:name="com.jayam.impactapp.printer.BluetoothChatActivity"
158-->src\main\AndroidManifest.xml:179:13-58
159            android:label="@string/app_name" />
159-->src\main\AndroidManifest.xml:180:13-45
160        <activity
160-->src\main\AndroidManifest.xml:182:9-185:16
161            android:name="com.jayam.impactapp.printer.DeviceListActivity"
161-->src\main\AndroidManifest.xml:183:13-55
162            android:label="@string/app_name" />
162-->src\main\AndroidManifest.xml:184:13-45
163        <activity
163-->src\main\AndroidManifest.xml:186:9-189:16
164            android:name="com.jayam.impactapp.ODDemands"
164-->src\main\AndroidManifest.xml:187:13-38
165            android:label="@string/app_name" />
165-->src\main\AndroidManifest.xml:188:13-45
166        <activity
166-->src\main\AndroidManifest.xml:190:9-193:16
167            android:name="com.jayam.impactapp.Centers_OD"
167-->src\main\AndroidManifest.xml:191:13-39
168            android:label="@string/app_name" />
168-->src\main\AndroidManifest.xml:192:13-45
169        <activity
169-->src\main\AndroidManifest.xml:194:9-197:16
170            android:name="com.jayam.impactapp.Groups_OD"
170-->src\main\AndroidManifest.xml:195:13-38
171            android:label="@string/app_name" />
171-->src\main\AndroidManifest.xml:196:13-45
172        <activity
172-->src\main\AndroidManifest.xml:198:9-201:16
173            android:name="com.jayam.impactapp.Members_OD"
173-->src\main\AndroidManifest.xml:199:13-39
174            android:label="@string/app_name" />
174-->src\main\AndroidManifest.xml:200:13-45
175        <activity
175-->src\main\AndroidManifest.xml:202:9-205:16
176            android:name="com.jayam.impactapp.MemberDetails_OD"
176-->src\main\AndroidManifest.xml:203:13-45
177            android:label="@string/app_name" />
177-->src\main\AndroidManifest.xml:204:13-45
178        <activity
178-->src\main\AndroidManifest.xml:206:9-209:16
179            android:name="com.jayam.impactapp.TransactionACK_OD"
179-->src\main\AndroidManifest.xml:207:13-46
180            android:label="@string/app_name" />
180-->src\main\AndroidManifest.xml:208:13-45
181        <activity
181-->src\main\AndroidManifest.xml:210:9-213:16
182            android:name="com.jayam.impactapp.Reports"
182-->src\main\AndroidManifest.xml:211:13-36
183            android:label="@string/app_name" />
183-->src\main\AndroidManifest.xml:212:13-45
184        <activity
184-->src\main\AndroidManifest.xml:214:9-217:16
185            android:name="com.jayam.impactapp.ReportDates_Regular"
185-->src\main\AndroidManifest.xml:215:13-48
186            android:label="@string/app_name" />
186-->src\main\AndroidManifest.xml:216:13-45
187        <activity
187-->src\main\AndroidManifest.xml:218:9-221:16
188            android:name="com.jayam.impactapp.ReportList"
188-->src\main\AndroidManifest.xml:219:13-39
189            android:label="@string/app_name" />
189-->src\main\AndroidManifest.xml:220:13-45
190        <activity
190-->src\main\AndroidManifest.xml:222:9-225:16
191            android:name="com.jayam.impactapp.CollectionReport"
191-->src\main\AndroidManifest.xml:223:13-45
192            android:label="@string/app_name" />
192-->src\main\AndroidManifest.xml:224:13-45
193        <activity
193-->src\main\AndroidManifest.xml:226:9-229:16
194            android:name="com.jayam.impactapp.CollectionReportSummary"
194-->src\main\AndroidManifest.xml:227:13-52
195            android:label="@string/app_name" />
195-->src\main\AndroidManifest.xml:228:13-45
196        <activity
196-->src\main\AndroidManifest.xml:230:9-233:16
197            android:name="com.jayam.impactapp.CollectionReport_Groups"
197-->src\main\AndroidManifest.xml:231:13-52
198            android:label="@string/app_name" />
198-->src\main\AndroidManifest.xml:232:13-45
199        <activity
199-->src\main\AndroidManifest.xml:234:9-237:16
200            android:name="com.jayam.impactapp.Utilities"
200-->src\main\AndroidManifest.xml:235:13-38
201            android:label="@string/app_name" />
201-->src\main\AndroidManifest.xml:236:13-45
202        <activity
202-->src\main\AndroidManifest.xml:238:9-241:16
203            android:name="com.jayam.impactapp.ChangePassword"
203-->src\main\AndroidManifest.xml:239:13-43
204            android:label="@string/app_name" />
204-->src\main\AndroidManifest.xml:240:13-45
205        <activity
205-->src\main\AndroidManifest.xml:242:9-245:16
206            android:name="com.jayam.impactapp.Collections_Reports_members"
206-->src\main\AndroidManifest.xml:243:13-56
207            android:label="@string/app_name" />
207-->src\main\AndroidManifest.xml:244:13-45
208        <activity
208-->src\main\AndroidManifest.xml:246:9-249:16
209            android:name="com.jayam.impactapp.CollectionReportSummary_Groups"
209-->src\main\AndroidManifest.xml:247:13-59
210            android:label="@string/app_name" />
210-->src\main\AndroidManifest.xml:248:13-45
211        <activity
211-->src\main\AndroidManifest.xml:250:9-253:16
212            android:name="com.jayam.impactapp.CollectionReport_MemberSummery"
212-->src\main\AndroidManifest.xml:251:13-59
213            android:label="@string/app_name" />
213-->src\main\AndroidManifest.xml:252:13-45
214        <activity
214-->src\main\AndroidManifest.xml:254:9-257:16
215            android:name="com.jayam.impactapp.SummaryReports_Regular"
215-->src\main\AndroidManifest.xml:255:13-51
216            android:label="@string/app_name" />
216-->src\main\AndroidManifest.xml:256:13-45
217        <activity
217-->src\main\AndroidManifest.xml:258:9-261:16
218            android:name="com.jayam.impactapp.ReportSummaryForRegular"
218-->src\main\AndroidManifest.xml:259:13-52
219            android:label="@string/app_name" />
219-->src\main\AndroidManifest.xml:260:13-45
220        <activity
220-->src\main\AndroidManifest.xml:262:9-265:16
221            android:name="com.jayam.impactapp.ReportDetailSummaryForRegular"
221-->src\main\AndroidManifest.xml:263:13-58
222            android:label="@string/app_name" />
222-->src\main\AndroidManifest.xml:264:13-45
223        <activity
223-->src\main\AndroidManifest.xml:266:9-269:16
224            android:name="com.jayam.impactapp.ReportList_For_OD"
224-->src\main\AndroidManifest.xml:267:13-46
225            android:label="@string/app_name" />
225-->src\main\AndroidManifest.xml:268:13-45
226        <activity
226-->src\main\AndroidManifest.xml:270:9-273:16
227            android:name="com.jayam.impactapp.CollectionReports_Centers_OD"
227-->src\main\AndroidManifest.xml:271:13-57
228            android:label="@string/app_name" />
228-->src\main\AndroidManifest.xml:272:13-45
229        <activity
229-->src\main\AndroidManifest.xml:274:9-277:16
230            android:name="com.jayam.impactapp.CollectionReports_Groups_OD"
230-->src\main\AndroidManifest.xml:275:13-56
231            android:label="@string/app_name" />
231-->src\main\AndroidManifest.xml:276:13-45
232        <activity
232-->src\main\AndroidManifest.xml:278:9-281:16
233            android:name="com.jayam.impactapp.CollectionReports_Members_OD"
233-->src\main\AndroidManifest.xml:279:13-57
234            android:label="@string/app_name" />
234-->src\main\AndroidManifest.xml:280:13-45
235        <activity
235-->src\main\AndroidManifest.xml:282:9-285:16
236            android:name="com.jayam.impactapp.CollectionReport_MemberDetails_OD"
236-->src\main\AndroidManifest.xml:283:13-62
237            android:label="@string/app_name" />
237-->src\main\AndroidManifest.xml:284:13-45
238        <activity
238-->src\main\AndroidManifest.xml:286:9-289:16
239            android:name="com.jayam.impactapp.SummaryReport_OD"
239-->src\main\AndroidManifest.xml:287:13-45
240            android:label="@string/app_name" />
240-->src\main\AndroidManifest.xml:288:13-45
241        <activity
241-->src\main\AndroidManifest.xml:290:9-293:16
242            android:name="com.jayam.impactapp.Groups_For_attendense"
242-->src\main\AndroidManifest.xml:291:13-50
243            android:label="@string/app_name" />
243-->src\main\AndroidManifest.xml:292:13-45
244        <activity
244-->src\main\AndroidManifest.xml:294:9-297:16
245            android:name="com.jayam.impactapp.Attendense_Centerwise"
245-->src\main\AndroidManifest.xml:295:13-50
246            android:label="@string/app_name" />
246-->src\main\AndroidManifest.xml:296:13-45
247        <activity
247-->src\main\AndroidManifest.xml:298:9-302:16
248            android:name="com.jayam.impactapp.MeetingTime_Centerwise"
248-->src\main\AndroidManifest.xml:299:13-51
249            android:configChanges="keyboardHidden|orientation"
249-->src\main\AndroidManifest.xml:300:13-63
250            android:label="@string/app_name" />
250-->src\main\AndroidManifest.xml:301:13-45
251        <activity
251-->src\main\AndroidManifest.xml:303:9-306:16
252            android:name="com.jayam.impactapp.ConfirmationScreen_Centerwise"
252-->src\main\AndroidManifest.xml:304:13-58
253            android:label="@string/app_name" />
253-->src\main\AndroidManifest.xml:305:13-45
254        <activity
254-->src\main\AndroidManifest.xml:307:9-310:16
255            android:name="com.jayam.impactapp.TransactionACK_Centerwise"
255-->src\main\AndroidManifest.xml:308:13-54
256            android:label="@string/app_name" />
256-->src\main\AndroidManifest.xml:309:13-45
257        <activity
257-->src\main\AndroidManifest.xml:311:9-314:16
258            android:name="com.jayam.impactapp.Groups_Centerwise"
258-->src\main\AndroidManifest.xml:312:13-46
259            android:label="@string/app_name" />
259-->src\main\AndroidManifest.xml:313:13-45
260        <activity
260-->src\main\AndroidManifest.xml:315:9-318:16
261            android:name="com.jayam.impactapp.GroupDetails_Centerwise"
261-->src\main\AndroidManifest.xml:316:13-52
262            android:label="@string/app_name" />
262-->src\main\AndroidManifest.xml:317:13-45
263        <activity
263-->src\main\AndroidManifest.xml:319:9-322:16
264            android:name="com.jayam.impactapp.ResetParameters"
264-->src\main\AndroidManifest.xml:320:13-44
265            android:label="@string/app_name" />
265-->src\main\AndroidManifest.xml:321:13-45
266        <activity
266-->src\main\AndroidManifest.xml:323:9-326:16
267            android:name="com.jayam.impactapp.AdvanceDemands"
267-->src\main\AndroidManifest.xml:324:13-43
268            android:label="@string/app_name" />
268-->src\main\AndroidManifest.xml:325:13-45
269        <activity
269-->src\main\AndroidManifest.xml:327:9-330:16
270            android:name="com.jayam.impactapp.AdvGroupsAndCenters"
270-->src\main\AndroidManifest.xml:328:13-48
271            android:label="@string/app_name" />
271-->src\main\AndroidManifest.xml:329:13-45
272        <activity
272-->src\main\AndroidManifest.xml:331:9-334:16
273            android:name="com.jayam.impactapp.AdvCenters"
273-->src\main\AndroidManifest.xml:332:13-39
274            android:label="@string/app_name" />
274-->src\main\AndroidManifest.xml:333:13-45
275        <activity
275-->src\main\AndroidManifest.xml:335:9-338:16
276            android:name="com.jayam.impactapp.AdvCenterDetails"
276-->src\main\AndroidManifest.xml:336:13-45
277            android:label="@string/app_name" />
277-->src\main\AndroidManifest.xml:337:13-45
278        <activity
278-->src\main\AndroidManifest.xml:339:9-342:16
279            android:name="com.jayam.impactapp.AdvGroups_centerwise"
279-->src\main\AndroidManifest.xml:340:13-49
280            android:label="@string/app_name" />
280-->src\main\AndroidManifest.xml:341:13-45
281        <activity
281-->src\main\AndroidManifest.xml:343:9-346:16
282            android:name="com.jayam.impactapp.AdvGroupDetails_Centerwise"
282-->src\main\AndroidManifest.xml:344:13-55
283            android:label="@string/app_name" />
283-->src\main\AndroidManifest.xml:345:13-45
284        <activity
284-->src\main\AndroidManifest.xml:347:9-350:16
285            android:name="com.jayam.impactapp.AdvGroupMembers"
285-->src\main\AndroidManifest.xml:348:13-44
286            android:label="@string/app_name" />
286-->src\main\AndroidManifest.xml:349:13-45
287        <activity
287-->src\main\AndroidManifest.xml:351:9-354:16
288            android:name="com.jayam.impactapp.AdvMemeberDetails"
288-->src\main\AndroidManifest.xml:352:13-46
289            android:label="@string/app_name" />
289-->src\main\AndroidManifest.xml:353:13-45
290        <activity
290-->src\main\AndroidManifest.xml:355:9-358:16
291            android:name="com.jayam.impactapp.AdvanceGroups"
291-->src\main\AndroidManifest.xml:356:13-42
292            android:label="@string/app_name" />
292-->src\main\AndroidManifest.xml:357:13-45
293        <activity
293-->src\main\AndroidManifest.xml:359:9-362:16
294            android:name="com.jayam.impactapp.AdvanceGroupDetails"
294-->src\main\AndroidManifest.xml:360:13-48
295            android:label="@string/app_name" />
295-->src\main\AndroidManifest.xml:361:13-45
296        <activity
296-->src\main\AndroidManifest.xml:363:9-366:16
297            android:name="com.jayam.impactapp.AdvancePaymentconfiramtion"
297-->src\main\AndroidManifest.xml:364:13-55
298            android:label="@string/app_name" />
298-->src\main\AndroidManifest.xml:365:13-45
299        <activity
299-->src\main\AndroidManifest.xml:367:9-370:16
300            android:name="com.jayam.impactapp.AdvanceConfirmationScreen_Centerwise"
300-->src\main\AndroidManifest.xml:368:13-65
301            android:label="@string/app_name" />
301-->src\main\AndroidManifest.xml:369:13-45
302        <activity
302-->src\main\AndroidManifest.xml:371:9-374:16
303            android:name="com.jayam.impactapp.AdvanceConfirmationScreen"
303-->src\main\AndroidManifest.xml:372:13-54
304            android:label="@string/app_name" />
304-->src\main\AndroidManifest.xml:373:13-45
305        <activity
305-->src\main\AndroidManifest.xml:375:9-378:16
306            android:name="com.jayam.impactapp.AdvTxnack"
306-->src\main\AndroidManifest.xml:376:13-38
307            android:label="@string/app_name" />
307-->src\main\AndroidManifest.xml:377:13-45
308        <activity
308-->src\main\AndroidManifest.xml:379:9-382:16
309            android:name="com.jayam.impactapp.AdvTxnack_CenterWise"
309-->src\main\AndroidManifest.xml:380:13-49
310            android:label="@string/app_name" />
310-->src\main\AndroidManifest.xml:381:13-45
311        <activity
311-->src\main\AndroidManifest.xml:383:9-386:16
312            android:name="com.jayam.impactapp.AdvanceReports"